<?xml version="1.0" encoding="UTF-8"?>
<testsuite xmlns:xsi="http://www.w3.org/2001/XMLSchema-instance" xsi:noNamespaceSchemaLocation="https://maven.apache.org/surefire/maven-surefire-plugin/xsd/surefire-test-report.xsd" name="com.whgc.MyblogCombatApplicationTests" time="10.185" tests="12" errors="0" skipped="0" failures="0">
  <properties>
    <property name="sun.desktop" value="windows"/>
    <property name="awt.toolkit" value="sun.awt.windows.WToolkit"/>
    <property name="file.encoding.pkg" value="sun.io"/>
    <property name="java.specification.version" value="1.8"/>
    <property name="sun.cpu.isalist" value="amd64"/>
    <property name="sun.jnu.encoding" value="GBK"/>
    <property name="java.class.path" value="D:\Idea workspaces\myblog-combat\target\test-classes;D:\Idea workspaces\myblog-combat\target\classes;C:\Users\thisissirz\Maven\Profiles\com\github\pagehelper\pagehelper\5.1.4\pagehelper-5.1.4.jar;C:\Users\thisissirz\Maven\Profiles\com\github\jsqlparser\jsqlparser\1.0\jsqlparser-1.0.jar;C:\Users\thisissirz\Maven\Profiles\org\springframework\boot\spring-boot-starter-aop\2.2.5.RELEASE\spring-boot-starter-aop-2.2.5.RELEASE.jar;C:\Users\thisissirz\Maven\Profiles\org\springframework\boot\spring-boot-starter\2.3.0.RELEASE\spring-boot-starter-2.3.0.RELEASE.jar;C:\Users\thisissirz\Maven\Profiles\org\springframework\boot\spring-boot-starter-logging\2.3.0.RELEASE\spring-boot-starter-logging-2.3.0.RELEASE.jar;C:\Users\thisissirz\Maven\Profiles\ch\qos\logback\logback-classic\1.2.3\logback-classic-1.2.3.jar;C:\Users\thisissirz\Maven\Profiles\ch\qos\logback\logback-core\1.2.3\logback-core-1.2.3.jar;C:\Users\thisissirz\Maven\Profiles\org\apache\logging\log4j\log4j-to-slf4j\2.13.2\log4j-to-slf4j-2.13.2.jar;C:\Users\thisissirz\Maven\Profiles\org\apache\logging\log4j\log4j-api\2.13.2\log4j-api-2.13.2.jar;C:\Users\thisissirz\Maven\Profiles\org\slf4j\jul-to-slf4j\1.7.30\jul-to-slf4j-1.7.30.jar;C:\Users\thisissirz\Maven\Profiles\jakarta\annotation\jakarta.annotation-api\1.3.5\jakarta.annotation-api-1.3.5.jar;C:\Users\thisissirz\Maven\Profiles\org\yaml\snakeyaml\1.26\snakeyaml-1.26.jar;C:\Users\thisissirz\Maven\Profiles\org\springframework\spring-aop\5.2.6.RELEASE\spring-aop-5.2.6.RELEASE.jar;C:\Users\thisissirz\Maven\Profiles\org\springframework\spring-beans\5.2.6.RELEASE\spring-beans-5.2.6.RELEASE.jar;C:\Users\thisissirz\Maven\Profiles\org\aspectj\aspectjweaver\1.9.5\aspectjweaver-1.9.5.jar;C:\Users\thisissirz\Maven\Profiles\org\springframework\boot\spring-boot-starter-thymeleaf\2.3.0.RELEASE\spring-boot-starter-thymeleaf-2.3.0.RELEASE.jar;C:\Users\thisissirz\Maven\Profiles\org\thymeleaf\thymeleaf-spring5\3.0.11.RELEASE\thymeleaf-spring5-3.0.11.RELEASE.jar;C:\Users\thisissirz\Maven\Profiles\org\thymeleaf\thymeleaf\3.0.11.RELEASE\thymeleaf-3.0.11.RELEASE.jar;C:\Users\thisissirz\Maven\Profiles\org\attoparser\attoparser\2.0.5.RELEASE\attoparser-2.0.5.RELEASE.jar;C:\Users\thisissirz\Maven\Profiles\org\unbescape\unbescape\1.1.6.RELEASE\unbescape-1.1.6.RELEASE.jar;C:\Users\thisissirz\Maven\Profiles\org\slf4j\slf4j-api\1.7.30\slf4j-api-1.7.30.jar;C:\Users\thisissirz\Maven\Profiles\org\thymeleaf\extras\thymeleaf-extras-java8time\3.0.4.RELEASE\thymeleaf-extras-java8time-3.0.4.RELEASE.jar;C:\Users\thisissirz\Maven\Profiles\org\springframework\boot\spring-boot-starter-web\2.3.0.RELEASE\spring-boot-starter-web-2.3.0.RELEASE.jar;C:\Users\thisissirz\Maven\Profiles\org\springframework\boot\spring-boot-starter-json\2.3.0.RELEASE\spring-boot-starter-json-2.3.0.RELEASE.jar;C:\Users\thisissirz\Maven\Profiles\com\fasterxml\jackson\core\jackson-databind\2.11.0\jackson-databind-2.11.0.jar;C:\Users\thisissirz\Maven\Profiles\com\fasterxml\jackson\core\jackson-annotations\2.11.0\jackson-annotations-2.11.0.jar;C:\Users\thisissirz\Maven\Profiles\com\fasterxml\jackson\core\jackson-core\2.11.0\jackson-core-2.11.0.jar;C:\Users\thisissirz\Maven\Profiles\com\fasterxml\jackson\datatype\jackson-datatype-jdk8\2.11.0\jackson-datatype-jdk8-2.11.0.jar;C:\Users\thisissirz\Maven\Profiles\com\fasterxml\jackson\datatype\jackson-datatype-jsr310\2.11.0\jackson-datatype-jsr310-2.11.0.jar;C:\Users\thisissirz\Maven\Profiles\com\fasterxml\jackson\module\jackson-module-parameter-names\2.11.0\jackson-module-parameter-names-2.11.0.jar;C:\Users\thisissirz\Maven\Profiles\org\springframework\boot\spring-boot-starter-tomcat\2.3.0.RELEASE\spring-boot-starter-tomcat-2.3.0.RELEASE.jar;C:\Users\thisissirz\Maven\Profiles\org\apache\tomcat\embed\tomcat-embed-core\9.0.35\tomcat-embed-core-9.0.35.jar;C:\Users\thisissirz\Maven\Profiles\org\glassfish\jakarta.el\3.0.3\jakarta.el-3.0.3.jar;C:\Users\thisissirz\Maven\Profiles\org\apache\tomcat\embed\tomcat-embed-websocket\9.0.35\tomcat-embed-websocket-9.0.35.jar;C:\Users\thisissirz\Maven\Profiles\org\springframework\spring-web\5.2.6.RELEASE\spring-web-5.2.6.RELEASE.jar;C:\Users\thisissirz\Maven\Profiles\org\springframework\spring-webmvc\5.2.6.RELEASE\spring-webmvc-5.2.6.RELEASE.jar;C:\Users\thisissirz\Maven\Profiles\org\springframework\spring-context\5.2.6.RELEASE\spring-context-5.2.6.RELEASE.jar;C:\Users\thisissirz\Maven\Profiles\org\springframework\spring-expression\5.2.6.RELEASE\spring-expression-5.2.6.RELEASE.jar;C:\Users\thisissirz\Maven\Profiles\org\mybatis\spring\boot\mybatis-spring-boot-starter\2.1.2\mybatis-spring-boot-starter-2.1.2.jar;C:\Users\thisissirz\Maven\Profiles\org\springframework\boot\spring-boot-starter-jdbc\2.3.0.RELEASE\spring-boot-starter-jdbc-2.3.0.RELEASE.jar;C:\Users\thisissirz\Maven\Profiles\com\zaxxer\HikariCP\3.4.5\HikariCP-3.4.5.jar;C:\Users\thisissirz\Maven\Profiles\org\springframework\spring-jdbc\5.2.6.RELEASE\spring-jdbc-5.2.6.RELEASE.jar;C:\Users\thisissirz\Maven\Profiles\org\springframework\spring-tx\5.2.6.RELEASE\spring-tx-5.2.6.RELEASE.jar;C:\Users\thisissirz\Maven\Profiles\org\mybatis\spring\boot\mybatis-spring-boot-autoconfigure\2.1.2\mybatis-spring-boot-autoconfigure-2.1.2.jar;C:\Users\thisissirz\Maven\Profiles\org\mybatis\mybatis\3.5.4\mybatis-3.5.4.jar;C:\Users\thisissirz\Maven\Profiles\org\mybatis\mybatis-spring\2.0.4\mybatis-spring-2.0.4.jar;C:\Users\thisissirz\Maven\Profiles\org\springframework\boot\spring-boot-devtools\2.3.0.RELEASE\spring-boot-devtools-2.3.0.RELEASE.jar;C:\Users\thisissirz\Maven\Profiles\org\springframework\boot\spring-boot\2.3.0.RELEASE\spring-boot-2.3.0.RELEASE.jar;C:\Users\thisissirz\Maven\Profiles\org\springframework\boot\spring-boot-autoconfigure\2.3.0.RELEASE\spring-boot-autoconfigure-2.3.0.RELEASE.jar;C:\Users\thisissirz\Maven\Profiles\mysql\mysql-connector-java\8.0.20\mysql-connector-java-8.0.20.jar;C:\Users\thisissirz\Maven\Profiles\org\springframework\boot\spring-boot-starter-test\2.3.0.RELEASE\spring-boot-starter-test-2.3.0.RELEASE.jar;C:\Users\thisissirz\Maven\Profiles\org\springframework\boot\spring-boot-test\2.3.0.RELEASE\spring-boot-test-2.3.0.RELEASE.jar;C:\Users\thisissirz\Maven\Profiles\org\springframework\boot\spring-boot-test-autoconfigure\2.3.0.RELEASE\spring-boot-test-autoconfigure-2.3.0.RELEASE.jar;C:\Users\thisissirz\Maven\Profiles\com\jayway\jsonpath\json-path\2.4.0\json-path-2.4.0.jar;C:\Users\thisissirz\Maven\Profiles\net\minidev\json-smart\2.3\json-smart-2.3.jar;C:\Users\thisissirz\Maven\Profiles\net\minidev\accessors-smart\1.2\accessors-smart-1.2.jar;C:\Users\thisissirz\Maven\Profiles\org\ow2\asm\asm\5.0.4\asm-5.0.4.jar;C:\Users\thisissirz\Maven\Profiles\jakarta\xml\bind\jakarta.xml.bind-api\2.3.3\jakarta.xml.bind-api-2.3.3.jar;C:\Users\thisissirz\Maven\Profiles\jakarta\activation\jakarta.activation-api\1.2.2\jakarta.activation-api-1.2.2.jar;C:\Users\thisissirz\Maven\Profiles\org\assertj\assertj-core\3.16.1\assertj-core-3.16.1.jar;C:\Users\thisissirz\Maven\Profiles\org\hamcrest\hamcrest\2.2\hamcrest-2.2.jar;C:\Users\thisissirz\Maven\Profiles\org\junit\jupiter\junit-jupiter\5.6.2\junit-jupiter-5.6.2.jar;C:\Users\thisissirz\Maven\Profiles\org\junit\jupiter\junit-jupiter-api\5.6.2\junit-jupiter-api-5.6.2.jar;C:\Users\thisissirz\Maven\Profiles\org\apiguardian\apiguardian-api\1.1.0\apiguardian-api-1.1.0.jar;C:\Users\thisissirz\Maven\Profiles\org\opentest4j\opentest4j\1.2.0\opentest4j-1.2.0.jar;C:\Users\thisissirz\Maven\Profiles\org\junit\platform\junit-platform-commons\1.6.2\junit-platform-commons-1.6.2.jar;C:\Users\thisissirz\Maven\Profiles\org\junit\jupiter\junit-jupiter-params\5.6.2\junit-jupiter-params-5.6.2.jar;C:\Users\thisissirz\Maven\Profiles\org\junit\jupiter\junit-jupiter-engine\5.6.2\junit-jupiter-engine-5.6.2.jar;C:\Users\thisissirz\Maven\Profiles\org\junit\platform\junit-platform-engine\1.6.2\junit-platform-engine-1.6.2.jar;C:\Users\thisissirz\Maven\Profiles\org\mockito\mockito-core\3.3.3\mockito-core-3.3.3.jar;C:\Users\thisissirz\Maven\Profiles\net\bytebuddy\byte-buddy\1.10.10\byte-buddy-1.10.10.jar;C:\Users\thisissirz\Maven\Profiles\net\bytebuddy\byte-buddy-agent\1.10.10\byte-buddy-agent-1.10.10.jar;C:\Users\thisissirz\Maven\Profiles\org\objenesis\objenesis\2.6\objenesis-2.6.jar;C:\Users\thisissirz\Maven\Profiles\org\mockito\mockito-junit-jupiter\3.3.3\mockito-junit-jupiter-3.3.3.jar;C:\Users\thisissirz\Maven\Profiles\org\skyscreamer\jsonassert\1.5.0\jsonassert-1.5.0.jar;C:\Users\thisissirz\Maven\Profiles\com\vaadin\external\google\android-json\0.0.20131108.vaadin1\android-json-0.0.20131108.vaadin1.jar;C:\Users\thisissirz\Maven\Profiles\org\springframework\spring-core\5.2.6.RELEASE\spring-core-5.2.6.RELEASE.jar;C:\Users\thisissirz\Maven\Profiles\org\springframework\spring-jcl\5.2.6.RELEASE\spring-jcl-5.2.6.RELEASE.jar;C:\Users\thisissirz\Maven\Profiles\org\springframework\spring-test\5.2.6.RELEASE\spring-test-5.2.6.RELEASE.jar;C:\Users\thisissirz\Maven\Profiles\org\xmlunit\xmlunit-core\2.7.0\xmlunit-core-2.7.0.jar;"/>
    <property name="java.vm.vendor" value="Oracle Corporation"/>
    <property name="sun.arch.data.model" value="64"/>
    <property name="user.variant" value=""/>
    <property name="java.vendor.url" value="http://java.oracle.com/"/>
    <property name="user.timezone" value="Asia/Shanghai"/>
    <property name="java.vm.specification.version" value="1.8"/>
    <property name="os.name" value="Windows 10"/>
    <property name="user.country" value="CN"/>
    <property name="sun.java.launcher" value="SUN_STANDARD"/>
    <property name="sun.boot.library.path" value="C:\Program Files\Java\jdk1.8.0_241\jre\bin"/>
    <property name="sun.java.command" value="C:\Users\THISIS~1\AppData\Local\Temp\surefire7965697037654753216\surefirebooter1008175377382692881.jar C:\Users\thisissirz\AppData\Local\Temp\surefire7965697037654753216 2020-06-19T18-38-11_202-jvmRun1 surefire2881247099560074102tmp surefire_04859897064708602167tmp"/>
    <property name="surefire.test.class.path" value="D:\Idea workspaces\myblog-combat\target\test-classes;D:\Idea workspaces\myblog-combat\target\classes;C:\Users\thisissirz\Maven\Profiles\com\github\pagehelper\pagehelper\5.1.4\pagehelper-5.1.4.jar;C:\Users\thisissirz\Maven\Profiles\com\github\jsqlparser\jsqlparser\1.0\jsqlparser-1.0.jar;C:\Users\thisissirz\Maven\Profiles\org\springframework\boot\spring-boot-starter-aop\2.2.5.RELEASE\spring-boot-starter-aop-2.2.5.RELEASE.jar;C:\Users\thisissirz\Maven\Profiles\org\springframework\boot\spring-boot-starter\2.3.0.RELEASE\spring-boot-starter-2.3.0.RELEASE.jar;C:\Users\thisissirz\Maven\Profiles\org\springframework\boot\spring-boot-starter-logging\2.3.0.RELEASE\spring-boot-starter-logging-2.3.0.RELEASE.jar;C:\Users\thisissirz\Maven\Profiles\ch\qos\logback\logback-classic\1.2.3\logback-classic-1.2.3.jar;C:\Users\thisissirz\Maven\Profiles\ch\qos\logback\logback-core\1.2.3\logback-core-1.2.3.jar;C:\Users\thisissirz\Maven\Profiles\org\apache\logging\log4j\log4j-to-slf4j\2.13.2\log4j-to-slf4j-2.13.2.jar;C:\Users\thisissirz\Maven\Profiles\org\apache\logging\log4j\log4j-api\2.13.2\log4j-api-2.13.2.jar;C:\Users\thisissirz\Maven\Profiles\org\slf4j\jul-to-slf4j\1.7.30\jul-to-slf4j-1.7.30.jar;C:\Users\thisissirz\Maven\Profiles\jakarta\annotation\jakarta.annotation-api\1.3.5\jakarta.annotation-api-1.3.5.jar;C:\Users\thisissirz\Maven\Profiles\org\yaml\snakeyaml\1.26\snakeyaml-1.26.jar;C:\Users\thisissirz\Maven\Profiles\org\springframework\spring-aop\5.2.6.RELEASE\spring-aop-5.2.6.RELEASE.jar;C:\Users\thisissirz\Maven\Profiles\org\springframework\spring-beans\5.2.6.RELEASE\spring-beans-5.2.6.RELEASE.jar;C:\Users\thisissirz\Maven\Profiles\org\aspectj\aspectjweaver\1.9.5\aspectjweaver-1.9.5.jar;C:\Users\thisissirz\Maven\Profiles\org\springframework\boot\spring-boot-starter-thymeleaf\2.3.0.RELEASE\spring-boot-starter-thymeleaf-2.3.0.RELEASE.jar;C:\Users\thisissirz\Maven\Profiles\org\thymeleaf\thymeleaf-spring5\3.0.11.RELEASE\thymeleaf-spring5-3.0.11.RELEASE.jar;C:\Users\thisissirz\Maven\Profiles\org\thymeleaf\thymeleaf\3.0.11.RELEASE\thymeleaf-3.0.11.RELEASE.jar;C:\Users\thisissirz\Maven\Profiles\org\attoparser\attoparser\2.0.5.RELEASE\attoparser-2.0.5.RELEASE.jar;C:\Users\thisissirz\Maven\Profiles\org\unbescape\unbescape\1.1.6.RELEASE\unbescape-1.1.6.RELEASE.jar;C:\Users\thisissirz\Maven\Profiles\org\slf4j\slf4j-api\1.7.30\slf4j-api-1.7.30.jar;C:\Users\thisissirz\Maven\Profiles\org\thymeleaf\extras\thymeleaf-extras-java8time\3.0.4.RELEASE\thymeleaf-extras-java8time-3.0.4.RELEASE.jar;C:\Users\thisissirz\Maven\Profiles\org\springframework\boot\spring-boot-starter-web\2.3.0.RELEASE\spring-boot-starter-web-2.3.0.RELEASE.jar;C:\Users\thisissirz\Maven\Profiles\org\springframework\boot\spring-boot-starter-json\2.3.0.RELEASE\spring-boot-starter-json-2.3.0.RELEASE.jar;C:\Users\thisissirz\Maven\Profiles\com\fasterxml\jackson\core\jackson-databind\2.11.0\jackson-databind-2.11.0.jar;C:\Users\thisissirz\Maven\Profiles\com\fasterxml\jackson\core\jackson-annotations\2.11.0\jackson-annotations-2.11.0.jar;C:\Users\thisissirz\Maven\Profiles\com\fasterxml\jackson\core\jackson-core\2.11.0\jackson-core-2.11.0.jar;C:\Users\thisissirz\Maven\Profiles\com\fasterxml\jackson\datatype\jackson-datatype-jdk8\2.11.0\jackson-datatype-jdk8-2.11.0.jar;C:\Users\thisissirz\Maven\Profiles\com\fasterxml\jackson\datatype\jackson-datatype-jsr310\2.11.0\jackson-datatype-jsr310-2.11.0.jar;C:\Users\thisissirz\Maven\Profiles\com\fasterxml\jackson\module\jackson-module-parameter-names\2.11.0\jackson-module-parameter-names-2.11.0.jar;C:\Users\thisissirz\Maven\Profiles\org\springframework\boot\spring-boot-starter-tomcat\2.3.0.RELEASE\spring-boot-starter-tomcat-2.3.0.RELEASE.jar;C:\Users\thisissirz\Maven\Profiles\org\apache\tomcat\embed\tomcat-embed-core\9.0.35\tomcat-embed-core-9.0.35.jar;C:\Users\thisissirz\Maven\Profiles\org\glassfish\jakarta.el\3.0.3\jakarta.el-3.0.3.jar;C:\Users\thisissirz\Maven\Profiles\org\apache\tomcat\embed\tomcat-embed-websocket\9.0.35\tomcat-embed-websocket-9.0.35.jar;C:\Users\thisissirz\Maven\Profiles\org\springframework\spring-web\5.2.6.RELEASE\spring-web-5.2.6.RELEASE.jar;C:\Users\thisissirz\Maven\Profiles\org\springframework\spring-webmvc\5.2.6.RELEASE\spring-webmvc-5.2.6.RELEASE.jar;C:\Users\thisissirz\Maven\Profiles\org\springframework\spring-context\5.2.6.RELEASE\spring-context-5.2.6.RELEASE.jar;C:\Users\thisissirz\Maven\Profiles\org\springframework\spring-expression\5.2.6.RELEASE\spring-expression-5.2.6.RELEASE.jar;C:\Users\thisissirz\Maven\Profiles\org\mybatis\spring\boot\mybatis-spring-boot-starter\2.1.2\mybatis-spring-boot-starter-2.1.2.jar;C:\Users\thisissirz\Maven\Profiles\org\springframework\boot\spring-boot-starter-jdbc\2.3.0.RELEASE\spring-boot-starter-jdbc-2.3.0.RELEASE.jar;C:\Users\thisissirz\Maven\Profiles\com\zaxxer\HikariCP\3.4.5\HikariCP-3.4.5.jar;C:\Users\thisissirz\Maven\Profiles\org\springframework\spring-jdbc\5.2.6.RELEASE\spring-jdbc-5.2.6.RELEASE.jar;C:\Users\thisissirz\Maven\Profiles\org\springframework\spring-tx\5.2.6.RELEASE\spring-tx-5.2.6.RELEASE.jar;C:\Users\thisissirz\Maven\Profiles\org\mybatis\spring\boot\mybatis-spring-boot-autoconfigure\2.1.2\mybatis-spring-boot-autoconfigure-2.1.2.jar;C:\Users\thisissirz\Maven\Profiles\org\mybatis\mybatis\3.5.4\mybatis-3.5.4.jar;C:\Users\thisissirz\Maven\Profiles\org\mybatis\mybatis-spring\2.0.4\mybatis-spring-2.0.4.jar;C:\Users\thisissirz\Maven\Profiles\org\springframework\boot\spring-boot-devtools\2.3.0.RELEASE\spring-boot-devtools-2.3.0.RELEASE.jar;C:\Users\thisissirz\Maven\Profiles\org\springframework\boot\spring-boot\2.3.0.RELEASE\spring-boot-2.3.0.RELEASE.jar;C:\Users\thisissirz\Maven\Profiles\org\springframework\boot\spring-boot-autoconfigure\2.3.0.RELEASE\spring-boot-autoconfigure-2.3.0.RELEASE.jar;C:\Users\thisissirz\Maven\Profiles\mysql\mysql-connector-java\8.0.20\mysql-connector-java-8.0.20.jar;C:\Users\thisissirz\Maven\Profiles\org\springframework\boot\spring-boot-starter-test\2.3.0.RELEASE\spring-boot-starter-test-2.3.0.RELEASE.jar;C:\Users\thisissirz\Maven\Profiles\org\springframework\boot\spring-boot-test\2.3.0.RELEASE\spring-boot-test-2.3.0.RELEASE.jar;C:\Users\thisissirz\Maven\Profiles\org\springframework\boot\spring-boot-test-autoconfigure\2.3.0.RELEASE\spring-boot-test-autoconfigure-2.3.0.RELEASE.jar;C:\Users\thisissirz\Maven\Profiles\com\jayway\jsonpath\json-path\2.4.0\json-path-2.4.0.jar;C:\Users\thisissirz\Maven\Profiles\net\minidev\json-smart\2.3\json-smart-2.3.jar;C:\Users\thisissirz\Maven\Profiles\net\minidev\accessors-smart\1.2\accessors-smart-1.2.jar;C:\Users\thisissirz\Maven\Profiles\org\ow2\asm\asm\5.0.4\asm-5.0.4.jar;C:\Users\thisissirz\Maven\Profiles\jakarta\xml\bind\jakarta.xml.bind-api\2.3.3\jakarta.xml.bind-api-2.3.3.jar;C:\Users\thisissirz\Maven\Profiles\jakarta\activation\jakarta.activation-api\1.2.2\jakarta.activation-api-1.2.2.jar;C:\Users\thisissirz\Maven\Profiles\org\assertj\assertj-core\3.16.1\assertj-core-3.16.1.jar;C:\Users\thisissirz\Maven\Profiles\org\hamcrest\hamcrest\2.2\hamcrest-2.2.jar;C:\Users\thisissirz\Maven\Profiles\org\junit\jupiter\junit-jupiter\5.6.2\junit-jupiter-5.6.2.jar;C:\Users\thisissirz\Maven\Profiles\org\junit\jupiter\junit-jupiter-api\5.6.2\junit-jupiter-api-5.6.2.jar;C:\Users\thisissirz\Maven\Profiles\org\apiguardian\apiguardian-api\1.1.0\apiguardian-api-1.1.0.jar;C:\Users\thisissirz\Maven\Profiles\org\opentest4j\opentest4j\1.2.0\opentest4j-1.2.0.jar;C:\Users\thisissirz\Maven\Profiles\org\junit\platform\junit-platform-commons\1.6.2\junit-platform-commons-1.6.2.jar;C:\Users\thisissirz\Maven\Profiles\org\junit\jupiter\junit-jupiter-params\5.6.2\junit-jupiter-params-5.6.2.jar;C:\Users\thisissirz\Maven\Profiles\org\junit\jupiter\junit-jupiter-engine\5.6.2\junit-jupiter-engine-5.6.2.jar;C:\Users\thisissirz\Maven\Profiles\org\junit\platform\junit-platform-engine\1.6.2\junit-platform-engine-1.6.2.jar;C:\Users\thisissirz\Maven\Profiles\org\mockito\mockito-core\3.3.3\mockito-core-3.3.3.jar;C:\Users\thisissirz\Maven\Profiles\net\bytebuddy\byte-buddy\1.10.10\byte-buddy-1.10.10.jar;C:\Users\thisissirz\Maven\Profiles\net\bytebuddy\byte-buddy-agent\1.10.10\byte-buddy-agent-1.10.10.jar;C:\Users\thisissirz\Maven\Profiles\org\objenesis\objenesis\2.6\objenesis-2.6.jar;C:\Users\thisissirz\Maven\Profiles\org\mockito\mockito-junit-jupiter\3.3.3\mockito-junit-jupiter-3.3.3.jar;C:\Users\thisissirz\Maven\Profiles\org\skyscreamer\jsonassert\1.5.0\jsonassert-1.5.0.jar;C:\Users\thisissirz\Maven\Profiles\com\vaadin\external\google\android-json\0.0.20131108.vaadin1\android-json-0.0.20131108.vaadin1.jar;C:\Users\thisissirz\Maven\Profiles\org\springframework\spring-core\5.2.6.RELEASE\spring-core-5.2.6.RELEASE.jar;C:\Users\thisissirz\Maven\Profiles\org\springframework\spring-jcl\5.2.6.RELEASE\spring-jcl-5.2.6.RELEASE.jar;C:\Users\thisissirz\Maven\Profiles\org\springframework\spring-test\5.2.6.RELEASE\spring-test-5.2.6.RELEASE.jar;C:\Users\thisissirz\Maven\Profiles\org\xmlunit\xmlunit-core\2.7.0\xmlunit-core-2.7.0.jar;"/>
    <property name="sun.cpu.endian" value="little"/>
    <property name="user.home" value="C:\Users\thisissirz"/>
    <property name="user.language" value="zh"/>
    <property name="java.specification.vendor" value="Oracle Corporation"/>
    <property name="idea.version2019.2.2" value="true"/>
    <property name="java.home" value="C:\Program Files\Java\jdk1.8.0_241\jre"/>
    <property name="basedir" value="D:\Idea workspaces\myblog-combat"/>
    <property name="file.separator" value="\"/>
    <property name="line.separator" value="&#10;"/>
    <property name="java.vm.specification.vendor" value="Oracle Corporation"/>
    <property name="java.specification.name" value="Java Platform API Specification"/>
    <property name="java.awt.graphicsenv" value="sun.awt.Win32GraphicsEnvironment"/>
    <property name="surefire.real.class.path" value="C:\Users\THISIS~1\AppData\Local\Temp\surefire7965697037654753216\surefirebooter1008175377382692881.jar"/>
    <property name="sun.boot.class.path" value="C:\Program Files\Java\jdk1.8.0_241\jre\lib\resources.jar;C:\Program Files\Java\jdk1.8.0_241\jre\lib\rt.jar;C:\Program Files\Java\jdk1.8.0_241\jre\lib\sunrsasign.jar;C:\Program Files\Java\jdk1.8.0_241\jre\lib\jsse.jar;C:\Program Files\Java\jdk1.8.0_241\jre\lib\jce.jar;C:\Program Files\Java\jdk1.8.0_241\jre\lib\charsets.jar;C:\Program Files\Java\jdk1.8.0_241\jre\lib\jfr.jar;C:\Program Files\Java\jdk1.8.0_241\jre\classes"/>
    <property name="user.script" value=""/>
    <property name="sun.management.compiler" value="HotSpot 64-Bit Tiered Compilers"/>
    <property name="java.runtime.version" value="1.8.0_241-b07"/>
    <property name="user.name" value="thisissirz"/>
    <property name="path.separator" value=";"/>
    <property name="os.version" value="10.0"/>
    <property name="java.endorsed.dirs" value="C:\Program Files\Java\jdk1.8.0_241\jre\lib\endorsed"/>
    <property name="java.runtime.name" value="Java(TM) SE Runtime Environment"/>
    <property name="file.encoding" value="GBK"/>
    <property name="java.vm.name" value="Java HotSpot(TM) 64-Bit Server VM"/>
    <property name="localRepository" value="C:\Users\thisissirz\Maven\Profiles"/>
    <property name="java.vendor.url.bug" value="http://bugreport.sun.com/bugreport/"/>
    <property name="java.io.tmpdir" value="C:\Users\THISIS~1\AppData\Local\Temp\"/>
    <property name="java.version" value="1.8.0_241"/>
    <property name="user.dir" value="D:\Idea workspaces\myblog-combat"/>
    <property name="os.arch" value="amd64"/>
    <property name="java.vm.specification.name" value="Java Virtual Machine Specification"/>
    <property name="java.awt.printerjob" value="sun.awt.windows.WPrinterJob"/>
    <property name="sun.os.patch.level" value=""/>
    <property name="java.library.path" value="C:\Program Files\Java\jdk1.8.0_241\jre\bin;C:\windows\Sun\Java\bin;C:\windows\system32;C:\windows;C:\Program Files (x86)\Common Files\Oracle\Java\javapath;C:\Windows\system32;C:\Windows;C:\Windows\System32\Wbem;C:\Windows\System32\WindowsPowerShell\v1.0\;C:\Windows\System32\OpenSSH\;C:\windows\system32;C:\windows;C:\windows\System32\Wbem;C:\windows\System32\WindowsPowerShell\v1.0\;C:\windows\System32\OpenSSH\;D:\apache-tomcat-9.0.26\lib;D:\apache-tomcat-9.0.26\bin;C:\Program Files (x86)\Java\jdk1.7.0_51\bin;C:\Program Files (x86)\Java\jdk1.7.0_51\jre\bin;C:\Program Files\MySQL\MySQL Server 5.7\bin;c:\Program Files (x86)\Microsoft SQL Server\100\Tools\Binn\;c:\Program Files\Microsoft SQL Server\100\Tools\Binn\;c:\Program Files\Microsoft SQL Server\100\DTS\Binn\;C:\Users\thisissirz\Maven\apache-maven-3.6.3\bin;C:\Program Files (x86)\Java\jdk1.7.0_51;C:\Program Files (x86)\Java\jre1.8.0_211;C:\Users\thisissirz\Maven\apache-maven-3.6.3\bin;D:\Droid4X;D:\Android\platform-tools\;C:\Program Files\Pandoc\;C:\Users\thisissirz\AppData\Local\Microsoft\WindowsApps;."/>
    <property name="java.vm.info" value="mixed mode"/>
    <property name="java.vendor" value="Oracle Corporation"/>
    <property name="java.vm.version" value="25.241-b07"/>
    <property name="java.ext.dirs" value="C:\Program Files\Java\jdk1.8.0_241\jre\lib\ext;C:\windows\Sun\Java\lib\ext"/>
    <property name="sun.io.unicode.encoding" value="UnicodeLittle"/>
    <property name="maven.repo.local" value="C:\Users\thisissirz\Maven\Profiles"/>
    <property name="java.class.version" value="52.0"/>
  </properties>
  <testcase name="selectBlog" classname="com.whgc.MyblogCombatApplicationTests" time="0.64"/>
  <testcase name="testMD5" classname="com.whgc.MyblogCombatApplicationTests" time="0.594"/>
  <testcase name="testYear" classname="com.whgc.MyblogCombatApplicationTests" time="0.047"/>
  <testcase name="testfind" classname="com.whgc.MyblogCombatApplicationTests" time="0.078"/>
  <testcase name="testLikeQuery" classname="com.whgc.MyblogCombatApplicationTests" time="0.187"/>
  <testcase name="blogTagtest" classname="com.whgc.MyblogCombatApplicationTests" time="0.031"/>
  <testcase name="pageInfo" classname="com.whgc.MyblogCombatApplicationTests" time="0.11"/>
  <testcase name="pageTest" classname="com.whgc.MyblogCombatApplicationTests" time="0"/>
  <testcase name="commentMappertest" classname="com.whgc.MyblogCombatApplicationTests" time="0.047"/>
  <testcase name="contextLoads" classname="com.whgc.MyblogCombatApplicationTests" time="0.234"/>
  <testcase name="testDescAllBlog" classname="com.whgc.MyblogCombatApplicationTests" time="0.219"/>
  <testcase name="Likequery" classname="com.whgc.MyblogCombatApplicationTests" time="0"/>
</testsuite>